# JRE version: Java(TM) SE Runtime Environment (8.0_40-b26) (build 1.8.0_40-b26)
# Java VM: Java HotSpot(TM) 64-Bit Server VM (25.40-b25 mixed mode windows-amd64 compressed oops)
Heap:
 PSYoungGen      total 292352K, used 41712K [0x00000000eab00000, 0x0000000100000000, 0x0000000100000000)
  eden space 247808K, 16% used [0x00000000eab00000,0x00000000ed3bc298,0x00000000f9d00000)
  from space 44544K, 0% used [0x00000000fd480000,0x00000000fd480000,0x0000000100000000)
  to   space 50688K, 0% used [0x00000000f9d00000,0x00000000f9d00000,0x00000000fce80000)
 ParOldGen       total 184832K, used 159793K [0x00000000c0000000, 0x00000000cb480000, 0x00000000eab00000)
  object space 184832K, 86% used [0x00000000c0000000,0x00000000c9c0c690,0x00000000cb480000)
 Metaspace       used 100496K, capacity 106866K, committed 106968K, reserved 1140736K
  class space    used 14104K, capacity 16606K, committed 16640K, reserved 1048576K
GC Heap History (10 events):
Event: 484.410 GC heap before
{Heap before GC invocations=18 (full 5):
 PSYoungGen      total 310272K, used 286720K [0x00000000eab00000, 0x0000000100000000, 0x0000000100000000)
  eden space 286720K, 100% used [0x00000000eab00000,0x00000000fc300000,0x00000000fc300000)
  from space 23552K, 0% used [0x00000000fc300000,0x00000000fc300000,0x00000000fda00000)
  to   space 32768K, 0% used [0x00000000fe000000,0x00000000fe000000,0x0000000100000000)
 ParOldGen       total 91136K, used 86833K [0x00000000c0000000, 0x00000000c5900000, 0x00000000eab00000)
  object space 91136K, 95% used [0x00000000c0000000,0x00000000c54cc690,0x00000000c5900000)
 Metaspace       used 70682K, capacity 75022K, committed 75224K, reserved 1114112K
  class space    used 9864K, capacity 11478K, committed 11520K, reserved 1048576K
Event: 485.450 GC heap after
Heap after GC invocations=18 (full 5):
 PSYoungGen      total 310272K, used 17612K [0x00000000eab00000, 0x0000000100000000, 0x0000000100000000)
  eden space 286720K, 6% used [0x00000000eab00000,0x00000000ebc330b0,0x00000000fc300000)
  from space 23552K, 0% used [0x00000000fc300000,0x00000000fc300000,0x00000000fda00000)
  to   space 32768K, 0% used [0x00000000fe000000,0x00000000fe000000,0x0000000100000000)
 ParOldGen       total 184832K, used 91021K [0x00000000c0000000, 0x00000000cb480000, 0x00000000eab00000)
  object space 184832K, 49% used [0x00000000c0000000,0x00000000c58e35f0,0x00000000cb480000)
 Metaspace       used 70682K, capacity 75022K, committed 75224K, reserved 1114112K
  class space    used 9864K, capacity 11478K, committed 11520K, reserved 1048576K
}
Event: 506.527 GC heap before
{Heap before GC invocations=19 (full 5):
 PSYoungGen      total 310272K, used 286720K [0x00000000eab00000, 0x0000000100000000, 0x0000000100000000)
  eden space 286720K, 100% used [0x00000000eab00000,0x00000000fc300000,0x00000000fc300000)
  from space 23552K, 0% used [0x00000000fc300000,0x00000000fc300000,0x00000000fda00000)
  to   space 32768K, 0% used [0x00000000fe000000,0x00000000fe000000,0x0000000100000000)
 ParOldGen       total 184832K, used 91021K [0x00000000c0000000, 0x00000000cb480000, 0x00000000eab00000)
  object space 184832K, 49% used [0x00000000c0000000,0x00000000c58e35f0,0x00000000cb480000)
 Metaspace       used 84380K, capacity 89426K, committed 89560K, reserved 1124352K
  class space    used 11776K, capacity 13718K, committed 13824K, reserved 1048576K
Event: 506.607 GC heap after
Heap after GC invocations=19 (full 5):
 PSYoungGen      total 294912K, used 32752K [0x00000000eab00000, 0x0000000100000000, 0x0000000100000000)
  eden space 262144K, 0% used [0x00000000eab00000,0x00000000eab00000,0x00000000fab00000)
  from space 32768K, 99% used [0x00000000fe000000,0x00000000ffffc110,0x0000000100000000)
  to   space 43520K, 0% used [0x00000000fab00000,0x00000000fab00000,0x00000000fd580000)
 ParOldGen       total 184832K, used 105081K [0x00000000c0000000, 0x00000000cb480000, 0x00000000eab00000)
  object space 184832K, 56% used [0x00000000c0000000,0x00000000c669e640,0x00000000cb480000)
 Metaspace       used 84380K, capacity 89426K, committed 89560K, reserved 1124352K
  class space    used 11776K, capacity 13718K, committed 13824K, reserved 1048576K
}
Event: 834.285 GC heap before
{Heap before GC invocations=20 (full 5):
 PSYoungGen      total 294912K, used 294896K [0x00000000eab00000, 0x0000000100000000, 0x0000000100000000)
  eden space 262144K, 100% used [0x00000000eab00000,0x00000000fab00000,0x00000000fab00000)
  from space 32768K, 99% used [0x00000000fe000000,0x00000000ffffc110,0x0000000100000000)
  to   space 43520K, 0% used [0x00000000fab00000,0x00000000fab00000,0x00000000fd580000)
 ParOldGen       total 184832K, used 105081K [0x00000000c0000000, 0x00000000cb480000, 0x00000000eab00000)
  object space 184832K, 56% used [0x00000000c0000000,0x00000000c669e640,0x00000000cb480000)
 Metaspace       used 92731K, capacity 98434K, committed 98648K, reserved 1132544K
  class space    used 12971K, capacity 15176K, committed 15232K, reserved 1048576K
Event: 834.360 GC heap after
Heap after GC invocations=20 (full 5):
 PSYoungGen      total 287744K, used 25390K [0x00000000eab00000, 0x0000000100000000, 0x0000000100000000)
  eden space 262144K, 0% used [0x00000000eab00000,0x00000000eab00000,0x00000000fab00000)
  from space 25600K, 99% used [0x00000000fab00000,0x00000000fc3cbb28,0x00000000fc400000)
  to   space 44544K, 0% used [0x00000000fd480000,0x00000000fd480000,0x0000000100000000)
 ParOldGen       total 184832K, used 135816K [0x00000000c0000000, 0x00000000cb480000, 0x00000000eab00000)
  object space 184832K, 73% used [0x00000000c0000000,0x00000000c84a22d8,0x00000000cb480000)
 Metaspace       used 92731K, capacity 98434K, committed 98648K, reserved 1132544K
  class space    used 12971K, capacity 15176K, committed 15232K, reserved 1048576K
}
Event: 838.489 GC heap before
{Heap before GC invocations=21 (full 5):
 PSYoungGen      total 287744K, used 219654K [0x00000000eab00000, 0x0000000100000000, 0x0000000100000000)
  eden space 262144K, 74% used [0x00000000eab00000,0x00000000f68b5db0,0x00000000fab00000)
  from space 25600K, 99% used [0x00000000fab00000,0x00000000fc3cbb28,0x00000000fc400000)
  to   space 44544K, 0% used [0x00000000fd480000,0x00000000fd480000,0x0000000100000000)
 ParOldGen       total 184832K, used 135816K [0x00000000c0000000, 0x00000000cb480000, 0x00000000eab00000)
  object space 184832K, 73% used [0x00000000c0000000,0x00000000c84a22d8,0x00000000cb480000)
 Metaspace       used 100437K, capacity 106782K, committed 106968K, reserved 1140736K
  class space    used 14101K, capacity 16592K, committed 16640K, reserved 1048576K
Event: 838.538 GC heap after
Heap after GC invocations=21 (full 5):
 PSYoungGen      total 292352K, used 40540K [0x00000000eab00000, 0x0000000100000000, 0x0000000100000000)
  eden space 247808K, 0% used [0x00000000eab00000,0x00000000eab00000,0x00000000f9d00000)
  from space 44544K, 91% used [0x00000000fd480000,0x00000000ffc17238,0x0000000100000000)
  to   space 50688K, 0% used [0x00000000f9d00000,0x00000000f9d00000,0x00000000fce80000)
 ParOldGen       total 184832K, used 135824K [0x00000000c0000000, 0x00000000cb480000, 0x00000000eab00000)
  object space 184832K, 73% used [0x00000000c0000000,0x00000000c84a42d8,0x00000000cb480000)
 Metaspace       used 100437K, capacity 106782K, committed 106968K, reserved 1140736K
  class space    used 14101K, capacity 16592K, committed 16640K, reserved 1048576K
}
Event: 838.538 GC heap before
{Heap before GC invocations=22 (full 6):
 PSYoungGen      total 292352K, used 40540K [0x00000000eab00000, 0x0000000100000000, 0x0000000100000000)
  eden space 247808K, 0% used [0x00000000eab00000,0x00000000eab00000,0x00000000f9d00000)
  from space 44544K, 91% used [0x00000000fd480000,0x00000000ffc17238,0x0000000100000000)
  to   space 50688K, 0% used [0x00000000f9d00000,0x00000000f9d00000,0x00000000fce80000)
 ParOldGen       total 184832K, used 135824K [0x00000000c0000000, 0x00000000cb480000, 0x00000000eab00000)
  object space 184832K, 73% used [0x00000000c0000000,0x00000000c84a42d8,0x00000000cb480000)
 Metaspace       used 100437K, capacity 106782K, committed 106968K, reserved 1140736K
  class space    used 14101K, capacity 16592K, committed 16640K, reserved 1048576K
Event: 839.511 GC heap after
Heap after GC invocations=22 (full 6):
 PSYoungGen      total 292352K, used 0K [0x00000000eab00000, 0x0000000100000000, 0x0000000100000000)
  eden space 247808K, 0% used [0x00000000eab00000,0x00000000eab00000,0x00000000f9d00000)
  from space 44544K, 0% used [0x00000000fd480000,0x00000000fd480000,0x0000000100000000)
  to   space 50688K, 0% used [0x00000000f9d00000,0x00000000f9d00000,0x00000000fce80000)
 ParOldGen       total 184832K, used 159793K [0x00000000c0000000, 0x00000000cb480000, 0x00000000eab00000)
  object space 184832K, 86% used [0x00000000c0000000,0x00000000c9c0c690,0x00000000cb480000)
 Metaspace       used 100305K, capacity 106326K, committed 106968K, reserved 1140736K
  class space    used 14069K, capacity 16456K, committed 16640K, reserved 1048576K
}

